Performing C++ SOURCE FILE Test TLX_CXX_HAS_CXX20 failed with the following output:
Change Dir: /home/shuaihua/github/tlx/build/CMakeFiles/CMakeTmp

Run Build Command:"/usr/bin/make" "cmTC_10fe6/fast"
/usr/bin/make -f CMakeFiles/cmTC_10fe6.dir/build.make CMakeFiles/cmTC_10fe6.dir/build
make[1]: Entering directory '/home/shuaihua/github/tlx/build/CMakeFiles/CMakeTmp'
Building CXX object CMakeFiles/cmTC_10fe6.dir/src.cxx.o
/usr/bin/c++    -g -W -Wall -Wextra -fPIC  -DTLX_CXX_HAS_CXX20   -std=c++20 -o CMakeFiles/cmTC_10fe6.dir/src.cxx.o -c /home/shuaihua/github/tlx/build/CMakeFiles/CMakeTmp/src.cxx
c++: error: unrecognized command line option '-std=c++20'; did you mean '-std=c++03'?
CMakeFiles/cmTC_10fe6.dir/build.make:65: recipe for target 'CMakeFiles/cmTC_10fe6.dir/src.cxx.o' failed
make[1]: *** [CMakeFiles/cmTC_10fe6.dir/src.cxx.o] Error 1
make[1]: Leaving directory '/home/shuaihua/github/tlx/build/CMakeFiles/CMakeTmp'
Makefile:126: recipe for target 'cmTC_10fe6/fast' failed
make: *** [cmTC_10fe6/fast] Error 2

Source file was:
int main() { return 0; }
Determining if the pthread_create exist failed with the following output:
Change Dir: /home/shuaihua/github/tlx/build/CMakeFiles/CMakeTmp

Run Build Command:"/usr/bin/make" "cmTC_3ee02/fast"
/usr/bin/make -f CMakeFiles/cmTC_3ee02.dir/build.make CMakeFiles/cmTC_3ee02.dir/build
make[1]: Entering directory '/home/shuaihua/github/tlx/build/CMakeFiles/CMakeTmp'
Building C object CMakeFiles/cmTC_3ee02.dir/CheckSymbolExists.c.o
/usr/bin/cc    -o CMakeFiles/cmTC_3ee02.dir/CheckSymbolExists.c.o   -c /home/shuaihua/github/tlx/build/CMakeFiles/CMakeTmp/CheckSymbolExists.c
Linking C executable cmTC_3ee02
/usr/bin/cmake -E cmake_link_script CMakeFiles/cmTC_3ee02.dir/link.txt --verbose=1
/usr/bin/cc      -rdynamic CMakeFiles/cmTC_3ee02.dir/CheckSymbolExists.c.o  -o cmTC_3ee02 
CMakeFiles/cmTC_3ee02.dir/CheckSymbolExists.c.o: In function `main':
CheckSymbolExists.c:(.text+0x1b): undefined reference to `pthread_create'
collect2: error: ld returned 1 exit status
CMakeFiles/cmTC_3ee02.dir/build.make:97: recipe for target 'cmTC_3ee02' failed
make[1]: *** [cmTC_3ee02] Error 1
make[1]: Leaving directory '/home/shuaihua/github/tlx/build/CMakeFiles/CMakeTmp'
Makefile:126: recipe for target 'cmTC_3ee02/fast' failed
make: *** [cmTC_3ee02/fast] Error 2

File /home/shuaihua/github/tlx/build/CMakeFiles/CMakeTmp/CheckSymbolExists.c:
/* */
#include <pthread.h>

int main(int argc, char** argv)
{
  (void)argv;
#ifndef pthread_create
  return ((int*)(&pthread_create))[argc];
#else
  (void)argc;
  return 0;
#endif
}

Determining if the function pthread_create exists in the pthreads failed with the following output:
Change Dir: /home/shuaihua/github/tlx/build/CMakeFiles/CMakeTmp

Run Build Command:"/usr/bin/make" "cmTC_71fce/fast"
/usr/bin/make -f CMakeFiles/cmTC_71fce.dir/build.make CMakeFiles/cmTC_71fce.dir/build
make[1]: Entering directory '/home/shuaihua/github/tlx/build/CMakeFiles/CMakeTmp'
Building C object CMakeFiles/cmTC_71fce.dir/CheckFunctionExists.c.o
/usr/bin/cc   -DCHECK_FUNCTION_EXISTS=pthread_create   -o CMakeFiles/cmTC_71fce.dir/CheckFunctionExists.c.o   -c /usr/share/cmake-3.10/Modules/CheckFunctionExists.c
Linking C executable cmTC_71fce
/usr/bin/cmake -E cmake_link_script CMakeFiles/cmTC_71fce.dir/link.txt --verbose=1
/usr/bin/cc  -DCHECK_FUNCTION_EXISTS=pthread_create    -rdynamic CMakeFiles/cmTC_71fce.dir/CheckFunctionExists.c.o  -o cmTC_71fce -lpthreads 
/usr/bin/ld: cannot find -lpthreads
collect2: error: ld returned 1 exit status
CMakeFiles/cmTC_71fce.dir/build.make:97: recipe for target 'cmTC_71fce' failed
make[1]: *** [cmTC_71fce] Error 1
make[1]: Leaving directory '/home/shuaihua/github/tlx/build/CMakeFiles/CMakeTmp'
Makefile:126: recipe for target 'cmTC_71fce/fast' failed
make: *** [cmTC_71fce/fast] Error 2


